<?xml version="1.0" encoding="UTF-8"?>
<testsuite name="starter.CucumberTestSuite" tests="0" skipped="0" failures="0" errors="0" timestamp="1970-01-01T00:00:00" hostname="ATHADL27888.local" time="0.0">
  <properties/>
  <system-out><![CDATA[07:18:22.726 [Test worker] INFO  i.c.core.plugin.SerenityReporter - Running feature from file:///Users/jorge.castillo/Downloads/Prueba_llave/cucumber6_starter/src/test/resources/features/search/search_by_size.feature
07:18:22.901 [Test worker] INFO   - 

-------------------------------------------------------------------------------------
     _______. _______ .______       _______ .__   __.  __  .___________.____    ____ 
    /       ||   ____||   _  \     |   ____||  \ |  | |  | |           |\   \  /   / 
   |   (----`|  |__   |  |_)  |    |  |__   |   \|  | |  | `---|  |----` \   \/   /  
    \   \    |   __|  |      /     |   __|  |  . `  | |  |     |  |       \_    _/   
.----)   |   |  |____ |  |\  \----.|  |____ |  |\   | |  |     |  |         |  |     
|_______/    |_______|| _| `._____||_______||__| \__| |__|     |__|         |__|    
                                                                                     
 News and tutorials at http://www.serenity-bdd.info                                  
 Documentation at https://wakaleo.gitbooks.io/the-serenity-book/content/             
 Join the Serenity Community on Gitter: https://gitter.im/serenity-bdd/serenity-core 
 Serenity BDD Support and Training at http://serenity-bdd.info/#/trainingandsupport  
-------------------------------------------------------------------------------------

07:18:22.905 [Test worker] INFO   - Test Suite Started: Shopping by size

1 Scenarios (?[32m1 passed?[0m)
3 Steps (?[32m3 passed?[0m)
0m19,298s


07:18:42.129 [pool-1-thread-1] INFO  n.t.core.reports.ReportService - net.thucydides.core.reports.json.JSONTestOutcomeReporter@1c7b496: Generating report for test outcome: Shopping by size:Searching a T-Shirt
07:18:42.165 [pool-2-thread-1] INFO  n.t.core.reports.ReportService - net.thucydides.core.reports.html.HtmlAcceptanceTestReporter@623df732: Generating report for test outcome: Shopping by size:Searching a T-Shirt
07:18:43.787 [Test worker] INFO  i.c.core.plugin.SerenityReporter - Cleanup test resources for URI file:///Users/jorge.castillo/Downloads/Prueba_llave/cucumber6_starter/src/test/resources/features/search/search_by_size.feature
]]></system-out>
  <system-err><![CDATA[]]></system-err>
</testsuite>
